2017-06-27 12:25:19,199 - root - INFO - logging started
2017-06-27 12:25:19,199 - root - INFO - get_ks_parms [LOCATION] = [TEST]
2017-06-27 12:25:19,200 - root - INFO - get_ks_parms [IP] = [127.0.0.1]
2017-06-27 12:25:19,200 - root - INFO - get_ks_parms [PORT] = [5432]
2017-06-27 12:25:19,200 - root - INFO - get_ks_parms [DBLIST] = [kickerlist]
2017-06-27 12:25:19,200 - root - INFO - get_ks_parms [DB] = [kicker]
2017-06-27 12:25:19,200 - root - INFO - get_ks_parms [USER] = [art]
2017-06-27 12:25:19,200 - root - INFO - get_ks_parms [PASS] = [0u8me2]
2017-06-27 12:25:19,200 - root - INFO - get_ks_parms completed
2017-06-27 12:25:19,210 - root - INFO - open_db completed
2017-06-27 12:25:19,211 - root - INFO - get_global_fk completed 1
2017-06-27 12:25:19,212 - root - INFO - global name [combo] good....so continue
2017-06-27 12:25:19,221 - root - INFO - global_info[GLOBAL_NAME] = [combo]
2017-06-27 12:25:19,221 - root - INFO - global_info[DNS_SERVERS] = [8.8.8.8,4.4.4.2,8.8.8.4]
2017-06-27 12:25:19,221 - root - INFO - global_info[TFTPD_PATH] = [/home/art/work_stuff/pykick/web-kickstart/tftpboot]
2017-06-27 12:25:19,221 - root - INFO - global_info[NAGIOS_SERVER] = [10.0.0.2]
2017-06-27 12:25:19,221 - root - INFO - global_info[SCRIPTS_PATH] = [/home/art/work_stuff/pykick/web-kickstart/scripts]
2017-06-27 12:25:19,221 - root - INFO - global_info[HTTP_TOP] = [web-kickstart]
2017-06-27 12:25:19,221 - root - INFO - global_info[DEFAULT_USER] = [art]
2017-06-27 12:25:19,222 - root - INFO - global_info[ROOT_PW] = [r00tme]
2017-06-27 12:25:19,222 - root - INFO - global_info[SOFTWARE_PATH] = [/home/art/work_stuff/pykick/web-kickstart/software]
2017-06-27 12:25:19,222 - root - INFO - global_info[DOMAIN] = [pykick.com]
2017-06-27 12:25:19,222 - root - INFO - global_info[TIMEZONE] = [GMT]
2017-06-27 12:25:19,222 - root - INFO - global_info[TEMPLATES_PATH] = [/home/art/work_stuff/pykick/web-kickstart/templates]
2017-06-27 12:25:19,222 - root - INFO - global_info[TFTPD_IP] = [127.0.0.1]
2017-06-27 12:25:19,222 - root - INFO - global_info[DHCPD_IP] = [127.0.0.1]
2017-06-27 12:25:19,222 - root - INFO - global_info[VM_PATH] = [/home/art/work_stuff/pykick/web-kickstart/vm]
2017-06-27 12:25:19,222 - root - INFO - global_info[NTP_SERVERS] = [8.8.8.8,8.8.8.9,6.6.6.6]
2017-06-27 12:25:19,222 - root - INFO - global_info[HTTP_IP] = [127.0.0.1]
2017-06-27 12:25:19,222 - root - INFO - global_info[OS_PATH] = [/home/art/work_stuff/pykick/web-kickstart/os]
2017-06-27 12:25:19,223 - root - INFO - global_info[KEYBOARD] = [us]
2017-06-27 12:25:19,223 - root - INFO - global_info[LOG_SERVER] = [10.0.0.1]
2017-06-27 12:25:19,223 - root - INFO - global_info[OPENSTACK_PATH] = [/home/art/work_stuff/pykick/web-kickstart/openstack]
2017-06-27 12:25:19,223 - root - INFO - global_info[SEARCH_DOMAINS] = [pykick.org,test.com]
2017-06-27 12:25:19,223 - root - INFO - global_info[DEFAULT_USER_PW] = [art4all]
2017-06-27 12:25:19,223 - root - INFO - global_info[DHCPD_PATH] = [/home/art/work_stuff/pykick/web-kickstart/dhcp]
2017-06-27 12:25:19,223 - root - INFO - network_info[management_vlan_506_v4][NETWORK_V4_NAME]= [management_vlan_506_v4]
2017-06-27 12:25:19,223 - root - INFO - network_info[management_vlan_506_v4][ROUTER]= [172.16.0.1]
2017-06-27 12:25:19,223 - root - INFO - network_info[management_vlan_506_v4][NETWORK]= [172.16.0.0]
2017-06-27 12:25:19,223 - root - INFO - network_info[management_vlan_506_v4][DHCP]= [1]
2017-06-27 12:25:19,223 - root - INFO - network_info[management_vlan_506_v4][DESCRIPTION]= [MANAGEMENT V4 NETWORK VLAN 506]
2017-06-27 12:25:19,223 - root - INFO - network_info[management_vlan_506_v4][NETMASK]= [255.255.254.0]
2017-06-27 12:25:19,224 - root - INFO - network_info[application_vlan_2006_v4][NETWORK_V4_NAME]= [application_vlan_2006_v4]
2017-06-27 12:25:19,224 - root - INFO - network_info[application_vlan_2006_v4][ROUTER]= [192.168.0.1]
2017-06-27 12:25:19,224 - root - INFO - network_info[application_vlan_2006_v4][NETWORK]= [192.168.0.0]
2017-06-27 12:25:19,224 - root - INFO - network_info[application_vlan_2006_v4][DHCP]= [0]
2017-06-27 12:25:19,224 - root - INFO - network_info[application_vlan_2006_v4][DESCRIPTION]= [APPLICATION V4 NETWORK VLAN 2006]
2017-06-27 12:25:19,224 - root - INFO - network_info[application_vlan_2006_v4][NETMASK]= [255.255.254.0]
2017-06-27 12:25:19,224 - root - INFO - network_info[application_vlan_2007_v4][NETWORK_V4_NAME]= [application_vlan_2007_v4]
2017-06-27 12:25:19,224 - root - INFO - network_info[application_vlan_2007_v4][ROUTER]= [192.168.2.1]
2017-06-27 12:25:19,224 - root - INFO - network_info[application_vlan_2007_v4][NETWORK]= [192.168.2.0]
2017-06-27 12:25:19,224 - root - INFO - network_info[application_vlan_2007_v4][DHCP]= [0]
2017-06-27 12:25:19,224 - root - INFO - network_info[application_vlan_2007_v4][DESCRIPTION]= [APPLICATION V4 NETWORK VLAN 2007]
2017-06-27 12:25:19,225 - root - INFO - network_info[application_vlan_2007_v4][NETMASK]= [255.255.254.0]
2017-06-27 12:25:19,225 - root - INFO - network_info[management_vlan_507_v4][NETWORK_V4_NAME]= [management_vlan_507_v4]
2017-06-27 12:25:19,225 - root - INFO - network_info[management_vlan_507_v4][ROUTER]= [172.16.2.1]
2017-06-27 12:25:19,225 - root - INFO - network_info[management_vlan_507_v4][NETWORK]= [172.16.2.0]
2017-06-27 12:25:19,225 - root - INFO - network_info[management_vlan_507_v4][DHCP]= [1]
2017-06-27 12:25:19,225 - root - INFO - network_info[management_vlan_507_v4][DESCRIPTION]= [MANAGEMENT V4 NETWORK VLAN 507]
2017-06-27 12:25:19,225 - root - INFO - network_info[management_vlan_507_v4][NETMASK]= [255.255.254.0]
2017-06-27 12:25:19,225 - root - INFO - network_v6_info[management_vlan_506_v6][ROUTER]= [2016:1957:1890::1]
2017-06-27 12:25:19,225 - root - INFO - network_v6_info[management_vlan_506_v6][NETWORK]= [2016:1957:1890::]
2017-06-27 12:25:19,225 - root - INFO - network_v6_info[management_vlan_506_v6][DHCP]= [0]
2017-06-27 12:25:19,225 - root - INFO - network_v6_info[management_vlan_506_v6][DESCRIPTION]= [MANAGEMENT V6 NETWORK VLAN 506]
2017-06-27 12:25:19,225 - root - INFO - network_v6_info[management_vlan_506_v6][NETWORK_V6_NAME]= [management_vlan_506_v6]
2017-06-27 12:25:19,226 - root - INFO - network_v6_info[management_vlan_506_v6][NETMASK]= [64]
2017-06-27 12:25:19,226 - root - INFO - network_v6_info[application_vlan_2006_v6][ROUTER]= [2016:1957:1891::1]
2017-06-27 12:25:19,226 - root - INFO - network_v6_info[application_vlan_2006_v6][NETWORK]= [2016:1957:1891::]
2017-06-27 12:25:19,226 - root - INFO - network_v6_info[application_vlan_2006_v6][DHCP]= [0]
2017-06-27 12:25:19,226 - root - INFO - network_v6_info[application_vlan_2006_v6][DESCRIPTION]= [APPLICATION V6 NETWORK VLAN 2006]
2017-06-27 12:25:19,226 - root - INFO - network_v6_info[application_vlan_2006_v6][NETWORK_V6_NAME]= [application_vlan_2006_v6]
2017-06-27 12:25:19,226 - root - INFO - network_v6_info[application_vlan_2006_v6][NETMASK]= [64]
2017-06-27 12:25:19,226 - root - INFO - server_info[test_svr-68][STATUS]= [KICK]
2017-06-27 12:25:19,226 - root - INFO - server_info[test_svr-68][CONSOLE_PORT]= [0]
2017-06-27 12:25:19,226 - root - INFO - server_info[test_svr-68][SYSTEM_TYPE]= [OPENSTACK]
2017-06-27 12:25:19,226 - root - INFO - server_info[test_svr-68][OPENSTACK_ZONE]= [nova]
2017-06-27 12:25:19,226 - root - INFO - server_info[test_svr-68][APPLICATION_DEVICE]= [eth1]
2017-06-27 12:25:19,227 - root - INFO - server_info[test_svr-68][APPLICATION_IP_V6]= [none]
2017-06-27 12:25:19,227 - root - INFO - server_info[test_svr-68][APPLICATION_IP_V4]= [192.168.0.68]
2017-06-27 12:25:19,227 - root - INFO - server_info[test_svr-68][OPENSTACK_FLAVOR]= [ARTTEST]
2017-06-27 12:25:19,227 - root - INFO - server_info[test_svr-68][OPENSTACK_SSH_KEY]= [art-key]
2017-06-27 12:25:19,227 - root - INFO - server_info[test_svr-68][DOMAIN]= [kicker.com]
2017-06-27 12:25:19,227 - root - INFO - server_info[test_svr-68][HOSTNAME]= [test_svr-68]
2017-06-27 12:25:19,227 - root - INFO - server_info[test_svr-68][OPENSTACK_MANAGEMENT_NETWORK]= [e3f77158-c626-4f61-8d3c-4c734baa2ece]
2017-06-27 12:25:19,227 - root - INFO - server_info[test_svr-68][CONSOLE_SPEED]= [0]
2017-06-27 12:25:19,227 - root - INFO - server_info[test_svr-68][MANAGEMENT_IP_V6]= [none]
2017-06-27 12:25:19,227 - root - INFO - server_info[test_svr-68][PXE_DEVICE]= [eth0]
2017-06-27 12:25:19,227 - root - INFO - server_info[test_svr-68][OPENSTACK_SECURITY_GROUP]= [default,art-sec-rules]
2017-06-27 12:25:19,228 - root - INFO - server_info[test_svr-68][OPENSTACK_APPLICATION_NETWORK]= [e3f77158-c626-4f61-8d3c-4c734baa2ecc]
2017-06-27 12:25:19,228 - root - INFO - server_info[test_svr-68][APPLICATION_TYPE]= [test]
2017-06-27 12:25:19,228 - root - INFO - server_info[test_svr-68][SWAPSIZE]= [10000]
2017-06-27 12:25:19,228 - root - INFO - server_info[test_svr-68][MANAGEMENT_DEVICE]= [eth0]
2017-06-27 12:25:19,228 - root - INFO - server_info[test_svr-68][PXE_MAC]= [00:00:00:00:00:44]
2017-06-27 12:25:19,228 - root - INFO - server_info[test_svr-68][MANAGEMENT_IP_V4]= [172.16.0.68]
2017-06-27 12:25:19,228 - root - INFO - server_info[test_svr-68][DRIVE]= [vda]
2017-06-27 12:25:19,228 - root - INFO - server_info[test_svr-68][OS_VERSION]= [ubuntu-14.04-x86_64]
2017-06-27 12:25:19,228 - root - INFO - server_info[test_svr-68][OPENSTACK_IMAGE]= [e3f77158-c626-4f61-8d3c-4c734baa2ece]
2017-06-27 12:25:19,228 - root - INFO - server_info[test_svr-69][STATUS]= [KICK]
2017-06-27 12:25:19,228 - root - INFO - server_info[test_svr-69][CONSOLE_PORT]= [0]
2017-06-27 12:25:19,228 - root - INFO - server_info[test_svr-69][SYSTEM_TYPE]= [OPENSTACK]
2017-06-27 12:25:19,228 - root - INFO - server_info[test_svr-69][OPENSTACK_ZONE]= [nova]
2017-06-27 12:25:19,229 - root - INFO - server_info[test_svr-69][APPLICATION_DEVICE]= [eth1]
2017-06-27 12:25:19,229 - root - INFO - server_info[test_svr-69][APPLICATION_IP_V6]= [none]
2017-06-27 12:25:19,229 - root - INFO - server_info[test_svr-69][APPLICATION_IP_V4]= [192.168.0.69]
2017-06-27 12:25:19,229 - root - INFO - server_info[test_svr-69][OPENSTACK_FLAVOR]= [ARTTEST]
2017-06-27 12:25:19,229 - root - INFO - server_info[test_svr-69][OPENSTACK_SSH_KEY]= [art-key]
2017-06-27 12:25:19,229 - root - INFO - server_info[test_svr-69][DOMAIN]= [kicker.com]
2017-06-27 12:25:19,229 - root - INFO - server_info[test_svr-69][HOSTNAME]= [test_svr-69]
2017-06-27 12:25:19,229 - root - INFO - server_info[test_svr-69][OPENSTACK_MANAGEMENT_NETWORK]= [e3f77158-c626-4f61-8d3c-4c734baa2ece]
2017-06-27 12:25:19,229 - root - INFO - server_info[test_svr-69][CONSOLE_SPEED]= [0]
2017-06-27 12:25:19,229 - root - INFO - server_info[test_svr-69][MANAGEMENT_IP_V6]= [none]
2017-06-27 12:25:19,229 - root - INFO - server_info[test_svr-69][PXE_DEVICE]= [eth0]
2017-06-27 12:25:19,229 - root - INFO - server_info[test_svr-69][OPENSTACK_SECURITY_GROUP]= [default,art-sec-rules]
2017-06-27 12:25:19,230 - root - INFO - server_info[test_svr-69][OPENSTACK_APPLICATION_NETWORK]= [e3f77158-c626-4f61-8d3c-4c734baa2ecc]
2017-06-27 12:25:19,230 - root - INFO - server_info[test_svr-69][APPLICATION_TYPE]= [test]
2017-06-27 12:25:19,230 - root - INFO - server_info[test_svr-69][SWAPSIZE]= [10000]
2017-06-27 12:25:19,230 - root - INFO - server_info[test_svr-69][MANAGEMENT_DEVICE]= [eth0]
2017-06-27 12:25:19,230 - root - INFO - server_info[test_svr-69][PXE_MAC]= [00:00:00:00:00:45]
2017-06-27 12:25:19,230 - root - INFO - server_info[test_svr-69][MANAGEMENT_IP_V4]= [172.16.0.69]
2017-06-27 12:25:19,230 - root - INFO - server_info[test_svr-69][DRIVE]= [vda]
2017-06-27 12:25:19,230 - root - INFO - server_info[test_svr-69][OS_VERSION]= [ubuntu-14.04-x86_64]
2017-06-27 12:25:19,230 - root - INFO - server_info[test_svr-69][OPENSTACK_IMAGE]= [e3f77158-c626-4f61-8d3c-4c734baa2ece]
2017-06-27 12:25:19,230 - root - INFO - server_info[test_svr-80][STATUS]= [KICK]
2017-06-27 12:25:19,230 - root - INFO - server_info[test_svr-80][CONSOLE_PORT]= [0]
2017-06-27 12:25:19,230 - root - INFO - server_info[test_svr-80][SYSTEM_TYPE]= [OPENSTACK]
2017-06-27 12:25:19,231 - root - INFO - server_info[test_svr-80][OPENSTACK_ZONE]= [nova]
2017-06-27 12:25:19,231 - root - INFO - server_info[test_svr-80][APPLICATION_DEVICE]= [eth1]
2017-06-27 12:25:19,231 - root - INFO - server_info[test_svr-80][APPLICATION_IP_V6]= [none]
2017-06-27 12:25:19,231 - root - INFO - server_info[test_svr-80][APPLICATION_IP_V4]= [192.168.0.80]
2017-06-27 12:25:19,231 - root - INFO - server_info[test_svr-80][OPENSTACK_FLAVOR]= [ARTTEST]
2017-06-27 12:25:19,231 - root - INFO - server_info[test_svr-80][OPENSTACK_SSH_KEY]= [art-key]
2017-06-27 12:25:19,231 - root - INFO - server_info[test_svr-80][DOMAIN]= [kicker.com]
2017-06-27 12:25:19,231 - root - INFO - server_info[test_svr-80][HOSTNAME]= [test_svr-80]
2017-06-27 12:25:19,231 - root - INFO - server_info[test_svr-80][OPENSTACK_MANAGEMENT_NETWORK]= [e3f77158-c626-4f61-8d3c-4c734baa2ece]
2017-06-27 12:25:19,231 - root - INFO - server_info[test_svr-80][CONSOLE_SPEED]= [0]
2017-06-27 12:25:19,231 - root - INFO - server_info[test_svr-80][MANAGEMENT_IP_V6]= [none]
2017-06-27 12:25:19,231 - root - INFO - server_info[test_svr-80][PXE_DEVICE]= [eth0]
2017-06-27 12:25:19,232 - root - INFO - server_info[test_svr-80][OPENSTACK_SECURITY_GROUP]= [default,art-sec-rules]
2017-06-27 12:25:19,232 - root - INFO - server_info[test_svr-80][OPENSTACK_APPLICATION_NETWORK]= [e3f77158-c626-4f61-8d3c-4c734baa2ecc]
2017-06-27 12:25:19,232 - root - INFO - server_info[test_svr-80][APPLICATION_TYPE]= [test]
2017-06-27 12:25:19,232 - root - INFO - server_info[test_svr-80][SWAPSIZE]= [10000]
2017-06-27 12:25:19,232 - root - INFO - server_info[test_svr-80][MANAGEMENT_DEVICE]= [eth0]
2017-06-27 12:25:19,232 - root - INFO - server_info[test_svr-80][PXE_MAC]= [00:00:00:00:00:50]
2017-06-27 12:25:19,232 - root - INFO - server_info[test_svr-80][MANAGEMENT_IP_V4]= [172.16.0.80]
2017-06-27 12:25:19,232 - root - INFO - server_info[test_svr-80][DRIVE]= [vda]
2017-06-27 12:25:19,232 - root - INFO - server_info[test_svr-80][OS_VERSION]= [ubuntu-14.04-x86_64]
2017-06-27 12:25:19,232 - root - INFO - server_info[test_svr-80][OPENSTACK_IMAGE]= [e3f77158-c626-4f61-8d3c-4c734baa2ece]
2017-06-27 12:25:19,232 - root - INFO - server_info[test_svr-73][STATUS]= [KICK]
2017-06-27 12:25:19,232 - root - INFO - server_info[test_svr-73][CONSOLE_PORT]= [0]
2017-06-27 12:25:19,232 - root - INFO - server_info[test_svr-73][SYSTEM_TYPE]= [OPENSTACK]
2017-06-27 12:25:19,233 - root - INFO - server_info[test_svr-73][OPENSTACK_ZONE]= [nova]
2017-06-27 12:25:19,233 - root - INFO - server_info[test_svr-73][APPLICATION_DEVICE]= [eth1]
2017-06-27 12:25:19,233 - root - INFO - server_info[test_svr-73][APPLICATION_IP_V6]= [none]
2017-06-27 12:25:19,233 - root - INFO - server_info[test_svr-73][APPLICATION_IP_V4]= [192.168.0.73]
2017-06-27 12:25:19,233 - root - INFO - server_info[test_svr-73][OPENSTACK_FLAVOR]= [ARTTEST]
2017-06-27 12:25:19,233 - root - INFO - server_info[test_svr-73][OPENSTACK_SSH_KEY]= [art-key]
2017-06-27 12:25:19,233 - root - INFO - server_info[test_svr-73][DOMAIN]= [kicker.com]
2017-06-27 12:25:19,233 - root - INFO - server_info[test_svr-73][HOSTNAME]= [test_svr-73]
2017-06-27 12:25:19,233 - root - INFO - server_info[test_svr-73][OPENSTACK_MANAGEMENT_NETWORK]= [e3f77158-c626-4f61-8d3c-4c734baa2ece]
2017-06-27 12:25:19,233 - root - INFO - server_info[test_svr-73][CONSOLE_SPEED]= [0]
2017-06-27 12:25:19,233 - root - INFO - server_info[test_svr-73][MANAGEMENT_IP_V6]= [none]
2017-06-27 12:25:19,233 - root - INFO - server_info[test_svr-73][PXE_DEVICE]= [eth0]
2017-06-27 12:25:19,234 - root - INFO - server_info[test_svr-73][OPENSTACK_SECURITY_GROUP]= [default,art-sec-rules]
2017-06-27 12:25:19,234 - root - INFO - server_info[test_svr-73][OPENSTACK_APPLICATION_NETWORK]= [e3f77158-c626-4f61-8d3c-4c734baa2ecc]
2017-06-27 12:25:19,234 - root - INFO - server_info[test_svr-73][APPLICATION_TYPE]= [test]
2017-06-27 12:25:19,234 - root - INFO - server_info[test_svr-73][SWAPSIZE]= [10000]
2017-06-27 12:25:19,234 - root - INFO - server_info[test_svr-73][MANAGEMENT_DEVICE]= [eth0]
2017-06-27 12:25:19,234 - root - INFO - server_info[test_svr-73][PXE_MAC]= [00:00:00:00:00:49]
2017-06-27 12:25:19,234 - root - INFO - server_info[test_svr-73][MANAGEMENT_IP_V4]= [172.16.0.73]
2017-06-27 12:25:19,234 - root - INFO - server_info[test_svr-73][DRIVE]= [vda]
2017-06-27 12:25:19,234 - root - INFO - server_info[test_svr-73][OS_VERSION]= [ubuntu-14.04-x86_64]
2017-06-27 12:25:19,234 - root - INFO - server_info[test_svr-73][OPENSTACK_IMAGE]= [e3f77158-c626-4f61-8d3c-4c734baa2ece]
2017-06-27 12:25:19,234 - root - INFO - server_info[test_svr-79][STATUS]= [KICK]
2017-06-27 12:25:19,234 - root - INFO - server_info[test_svr-79][CONSOLE_PORT]= [0]
2017-06-27 12:25:19,235 - root - INFO - server_info[test_svr-79][SYSTEM_TYPE]= [OPENSTACK]
2017-06-27 12:25:19,235 - root - INFO - server_info[test_svr-79][OPENSTACK_ZONE]= [nova]
2017-06-27 12:25:19,235 - root - INFO - server_info[test_svr-79][APPLICATION_DEVICE]= [eth1]
2017-06-27 12:25:19,235 - root - INFO - server_info[test_svr-79][APPLICATION_IP_V6]= [none]
2017-06-27 12:25:19,235 - root - INFO - server_info[test_svr-79][APPLICATION_IP_V4]= [192.168.0.79]
2017-06-27 12:25:19,235 - root - INFO - server_info[test_svr-79][OPENSTACK_FLAVOR]= [ARTTEST]
2017-06-27 12:25:19,235 - root - INFO - server_info[test_svr-79][OPENSTACK_SSH_KEY]= [art-key]
2017-06-27 12:25:19,235 - root - INFO - server_info[test_svr-79][DOMAIN]= [kicker.com]
2017-06-27 12:25:19,235 - root - INFO - server_info[test_svr-79][HOSTNAME]= [test_svr-79]
2017-06-27 12:25:19,235 - root - INFO - server_info[test_svr-79][OPENSTACK_MANAGEMENT_NETWORK]= [e3f77158-c626-4f61-8d3c-4c734baa2ece]
2017-06-27 12:25:19,235 - root - INFO - server_info[test_svr-79][CONSOLE_SPEED]= [0]
2017-06-27 12:25:19,235 - root - INFO - server_info[test_svr-79][MANAGEMENT_IP_V6]= [none]
2017-06-27 12:25:19,235 - root - INFO - server_info[test_svr-79][PXE_DEVICE]= [eth0]
2017-06-27 12:25:19,236 - root - INFO - server_info[test_svr-79][OPENSTACK_SECURITY_GROUP]= [default,art-sec-rules]
2017-06-27 12:25:19,236 - root - INFO - server_info[test_svr-79][OPENSTACK_APPLICATION_NETWORK]= [e3f77158-c626-4f61-8d3c-4c734baa2ecc]
2017-06-27 12:25:19,236 - root - INFO - server_info[test_svr-79][APPLICATION_TYPE]= [test]
2017-06-27 12:25:19,236 - root - INFO - server_info[test_svr-79][SWAPSIZE]= [10000]
2017-06-27 12:25:19,236 - root - INFO - server_info[test_svr-79][MANAGEMENT_DEVICE]= [eth0]
2017-06-27 12:25:19,236 - root - INFO - server_info[test_svr-79][PXE_MAC]= [00:00:00:00:00:4f]
2017-06-27 12:25:19,236 - root - INFO - server_info[test_svr-79][MANAGEMENT_IP_V4]= [172.16.0.79]
2017-06-27 12:25:19,236 - root - INFO - server_info[test_svr-79][DRIVE]= [vda]
2017-06-27 12:25:19,236 - root - INFO - server_info[test_svr-79][OS_VERSION]= [ubuntu-14.04-x86_64]
2017-06-27 12:25:19,236 - root - INFO - server_info[test_svr-79][OPENSTACK_IMAGE]= [e3f77158-c626-4f61-8d3c-4c734baa2ece]
2017-06-27 12:25:19,236 - root - INFO - server_info[test_svr-76][STATUS]= [KICK]
2017-06-27 12:25:19,236 - root - INFO - server_info[test_svr-76][CONSOLE_PORT]= [0]
2017-06-27 12:25:19,237 - root - INFO - server_info[test_svr-76][SYSTEM_TYPE]= [OPENSTACK]
2017-06-27 12:25:19,237 - root - INFO - server_info[test_svr-76][OPENSTACK_ZONE]= [nova]
2017-06-27 12:25:19,237 - root - INFO - server_info[test_svr-76][APPLICATION_DEVICE]= [eth1]
2017-06-27 12:25:19,237 - root - INFO - server_info[test_svr-76][APPLICATION_IP_V6]= [none]
2017-06-27 12:25:19,237 - root - INFO - server_info[test_svr-76][APPLICATION_IP_V4]= [192.168.0.76]
2017-06-27 12:25:19,237 - root - INFO - server_info[test_svr-76][OPENSTACK_FLAVOR]= [ARTTEST]
2017-06-27 12:25:19,237 - root - INFO - server_info[test_svr-76][OPENSTACK_SSH_KEY]= [art-key]
2017-06-27 12:25:19,237 - root - INFO - server_info[test_svr-76][DOMAIN]= [kicker.com]
2017-06-27 12:25:19,237 - root - INFO - server_info[test_svr-76][HOSTNAME]= [test_svr-76]
2017-06-27 12:25:19,237 - root - INFO - server_info[test_svr-76][OPENSTACK_MANAGEMENT_NETWORK]= [e3f77158-c626-4f61-8d3c-4c734baa2ece]
2017-06-27 12:25:19,237 - root - INFO - server_info[test_svr-76][CONSOLE_SPEED]= [0]
2017-06-27 12:25:19,237 - root - INFO - server_info[test_svr-76][MANAGEMENT_IP_V6]= [none]
2017-06-27 12:25:19,238 - root - INFO - server_info[test_svr-76][PXE_DEVICE]= [eth0]
2017-06-27 12:25:19,238 - root - INFO - server_info[test_svr-76][OPENSTACK_SECURITY_GROUP]= [default,art-sec-rules]
2017-06-27 12:25:19,238 - root - INFO - server_info[test_svr-76][OPENSTACK_APPLICATION_NETWORK]= [e3f77158-c626-4f61-8d3c-4c734baa2ecc]
2017-06-27 12:25:19,238 - root - INFO - server_info[test_svr-76][APPLICATION_TYPE]= [test]
2017-06-27 12:25:19,238 - root - INFO - server_info[test_svr-76][SWAPSIZE]= [10000]
2017-06-27 12:25:19,238 - root - INFO - server_info[test_svr-76][MANAGEMENT_DEVICE]= [eth0]
2017-06-27 12:25:19,238 - root - INFO - server_info[test_svr-76][PXE_MAC]= [00:00:00:00:00:4c]
2017-06-27 12:25:19,238 - root - INFO - server_info[test_svr-76][MANAGEMENT_IP_V4]= [172.16.0.76]
2017-06-27 12:25:19,238 - root - INFO - server_info[test_svr-76][DRIVE]= [vda]
2017-06-27 12:25:19,238 - root - INFO - server_info[test_svr-76][OS_VERSION]= [ubuntu-14.04-x86_64]
2017-06-27 12:25:19,238 - root - INFO - server_info[test_svr-76][OPENSTACK_IMAGE]= [e3f77158-c626-4f61-8d3c-4c734baa2ece]
2017-06-27 12:25:19,238 - root - INFO - server_info[test_svr-74][STATUS]= [KICK]
2017-06-27 12:25:19,238 - root - INFO - server_info[test_svr-74][CONSOLE_PORT]= [0]
2017-06-27 12:25:19,239 - root - INFO - server_info[test_svr-74][SYSTEM_TYPE]= [OPENSTACK]
2017-06-27 12:25:19,239 - root - INFO - server_info[test_svr-74][OPENSTACK_ZONE]= [nova]
2017-06-27 12:25:19,239 - root - INFO - server_info[test_svr-74][APPLICATION_DEVICE]= [eth1]
2017-06-27 12:25:19,239 - root - INFO - server_info[test_svr-74][APPLICATION_IP_V6]= [none]
2017-06-27 12:25:19,239 - root - INFO - server_info[test_svr-74][APPLICATION_IP_V4]= [192.168.0.74]
2017-06-27 12:25:19,239 - root - INFO - server_info[test_svr-74][OPENSTACK_FLAVOR]= [ARTTEST]
2017-06-27 12:25:19,239 - root - INFO - server_info[test_svr-74][OPENSTACK_SSH_KEY]= [art-key]
2017-06-27 12:25:19,239 - root - INFO - server_info[test_svr-74][DOMAIN]= [kicker.com]
2017-06-27 12:25:19,239 - root - INFO - server_info[test_svr-74][HOSTNAME]= [test_svr-74]
2017-06-27 12:25:19,239 - root - INFO - server_info[test_svr-74][OPENSTACK_MANAGEMENT_NETWORK]= [e3f77158-c626-4f61-8d3c-4c734baa2ece]
2017-06-27 12:25:19,239 - root - INFO - server_info[test_svr-74][CONSOLE_SPEED]= [0]
2017-06-27 12:25:19,239 - root - INFO - server_info[test_svr-74][MANAGEMENT_IP_V6]= [none]
2017-06-27 12:25:19,240 - root - INFO - server_info[test_svr-74][PXE_DEVICE]= [eth0]
2017-06-27 12:25:19,240 - root - INFO - server_info[test_svr-74][OPENSTACK_SECURITY_GROUP]= [default,art-sec-rules]
2017-06-27 12:25:19,240 - root - INFO - server_info[test_svr-74][OPENSTACK_APPLICATION_NETWORK]= [e3f77158-c626-4f61-8d3c-4c734baa2ecc]
2017-06-27 12:25:19,240 - root - INFO - server_info[test_svr-74][APPLICATION_TYPE]= [test]
2017-06-27 12:25:19,240 - root - INFO - server_info[test_svr-74][SWAPSIZE]= [10000]
2017-06-27 12:25:19,240 - root - INFO - server_info[test_svr-74][MANAGEMENT_DEVICE]= [eth0]
2017-06-27 12:25:19,240 - root - INFO - server_info[test_svr-74][PXE_MAC]= [00:00:00:00:00:4a]
2017-06-27 12:25:19,240 - root - INFO - server_info[test_svr-74][MANAGEMENT_IP_V4]= [172.16.0.74]
2017-06-27 12:25:19,240 - root - INFO - server_info[test_svr-74][DRIVE]= [vda]
2017-06-27 12:25:19,240 - root - INFO - server_info[test_svr-74][OS_VERSION]= [ubuntu-14.04-x86_64]
2017-06-27 12:25:19,240 - root - INFO - server_info[test_svr-74][OPENSTACK_IMAGE]= [e3f77158-c626-4f61-8d3c-4c734baa2ece]
2017-06-27 12:25:19,240 - root - INFO - server_info[test_svr-66][STATUS]= [KICK]
2017-06-27 12:25:19,240 - root - INFO - server_info[test_svr-66][CONSOLE_PORT]= [0]
2017-06-27 12:25:19,241 - root - INFO - server_info[test_svr-66][SYSTEM_TYPE]= [OPENSTACK]
2017-06-27 12:25:19,241 - root - INFO - server_info[test_svr-66][OPENSTACK_ZONE]= [nova]
2017-06-27 12:25:19,241 - root - INFO - server_info[test_svr-66][APPLICATION_DEVICE]= [eth1]
2017-06-27 12:25:19,241 - root - INFO - server_info[test_svr-66][APPLICATION_IP_V6]= [none]
2017-06-27 12:25:19,241 - root - INFO - server_info[test_svr-66][APPLICATION_IP_V4]= [192.168.0.66]
2017-06-27 12:25:19,241 - root - INFO - server_info[test_svr-66][OPENSTACK_FLAVOR]= [ARTTEST]
2017-06-27 12:25:19,241 - root - INFO - server_info[test_svr-66][OPENSTACK_SSH_KEY]= [art-key]
2017-06-27 12:25:19,241 - root - INFO - server_info[test_svr-66][DOMAIN]= [kicker.com]
2017-06-27 12:25:19,241 - root - INFO - server_info[test_svr-66][HOSTNAME]= [test_svr-66]
2017-06-27 12:25:19,241 - root - INFO - server_info[test_svr-66][OPENSTACK_MANAGEMENT_NETWORK]= [e3f77158-c626-4f61-8d3c-4c734baa2ece]
2017-06-27 12:25:19,241 - root - INFO - server_info[test_svr-66][CONSOLE_SPEED]= [0]
2017-06-27 12:25:19,241 - root - INFO - server_info[test_svr-66][MANAGEMENT_IP_V6]= [none]
2017-06-27 12:25:19,241 - root - INFO - server_info[test_svr-66][PXE_DEVICE]= [eth0]
2017-06-27 12:25:19,242 - root - INFO - server_info[test_svr-66][OPENSTACK_SECURITY_GROUP]= [default,art-sec-rules]
2017-06-27 12:25:19,242 - root - INFO - server_info[test_svr-66][OPENSTACK_APPLICATION_NETWORK]= [e3f77158-c626-4f61-8d3c-4c734baa2ecc]
2017-06-27 12:25:19,242 - root - INFO - server_info[test_svr-66][APPLICATION_TYPE]= [test]
2017-06-27 12:25:19,242 - root - INFO - server_info[test_svr-66][SWAPSIZE]= [10000]
2017-06-27 12:25:19,242 - root - INFO - server_info[test_svr-66][MANAGEMENT_DEVICE]= [eth0]
2017-06-27 12:25:19,242 - root - INFO - server_info[test_svr-66][PXE_MAC]= [00:00:00:00:00:42]
2017-06-27 12:25:19,242 - root - INFO - server_info[test_svr-66][MANAGEMENT_IP_V4]= [172.16.0.66]
2017-06-27 12:25:19,242 - root - INFO - server_info[test_svr-66][DRIVE]= [vda]
2017-06-27 12:25:19,242 - root - INFO - server_info[test_svr-66][OS_VERSION]= [ubuntu-14.04-x86_64]
2017-06-27 12:25:19,242 - root - INFO - server_info[test_svr-66][OPENSTACK_IMAGE]= [e3f77158-c626-4f61-8d3c-4c734baa2ece]
2017-06-27 12:25:19,242 - root - INFO - server_info[test_svr-65][STATUS]= [KICK]
2017-06-27 12:25:19,242 - root - INFO - server_info[test_svr-65][CONSOLE_PORT]= [0]
2017-06-27 12:25:19,242 - root - INFO - server_info[test_svr-65][SYSTEM_TYPE]= [OPENSTACK]
2017-06-27 12:25:19,243 - root - INFO - server_info[test_svr-65][OPENSTACK_ZONE]= [nova]
2017-06-27 12:25:19,243 - root - INFO - server_info[test_svr-65][APPLICATION_DEVICE]= [eth1]
2017-06-27 12:25:19,243 - root - INFO - server_info[test_svr-65][APPLICATION_IP_V6]= [none]
2017-06-27 12:25:19,243 - root - INFO - server_info[test_svr-65][APPLICATION_IP_V4]= [192.168.0.65]
2017-06-27 12:25:19,243 - root - INFO - server_info[test_svr-65][OPENSTACK_FLAVOR]= [ARTTEST]
2017-06-27 12:25:19,243 - root - INFO - server_info[test_svr-65][OPENSTACK_SSH_KEY]= [art-key]
2017-06-27 12:25:19,243 - root - INFO - server_info[test_svr-65][DOMAIN]= [kicker.com]
2017-06-27 12:25:19,243 - root - INFO - server_info[test_svr-65][HOSTNAME]= [test_svr-65]
2017-06-27 12:25:19,243 - root - INFO - server_info[test_svr-65][OPENSTACK_MANAGEMENT_NETWORK]= [e3f77158-c626-4f61-8d3c-4c734baa2ece]
2017-06-27 12:25:19,243 - root - INFO - server_info[test_svr-65][CONSOLE_SPEED]= [0]
2017-06-27 12:25:19,243 - root - INFO - server_info[test_svr-65][MANAGEMENT_IP_V6]= [none]
2017-06-27 12:25:19,243 - root - INFO - server_info[test_svr-65][PXE_DEVICE]= [eth0]
2017-06-27 12:25:19,243 - root - INFO - server_info[test_svr-65][OPENSTACK_SECURITY_GROUP]= [default,art-sec-rules]
2017-06-27 12:25:19,244 - root - INFO - server_info[test_svr-65][OPENSTACK_APPLICATION_NETWORK]= [e3f77158-c626-4f61-8d3c-4c734baa2ecc]
2017-06-27 12:25:19,244 - root - INFO - server_info[test_svr-65][APPLICATION_TYPE]= [test]
2017-06-27 12:25:19,244 - root - INFO - server_info[test_svr-65][SWAPSIZE]= [10000]
2017-06-27 12:25:19,244 - root - INFO - server_info[test_svr-65][MANAGEMENT_DEVICE]= [eth0]
2017-06-27 12:25:19,244 - root - INFO - server_info[test_svr-65][PXE_MAC]= [00:00:00:00:00:41]
2017-06-27 12:25:19,244 - root - INFO - server_info[test_svr-65][MANAGEMENT_IP_V4]= [172.16.0.65]
2017-06-27 12:25:19,244 - root - INFO - server_info[test_svr-65][DRIVE]= [vda]
2017-06-27 12:25:19,244 - root - INFO - server_info[test_svr-65][OS_VERSION]= [ubuntu-14.04-x86_64]
2017-06-27 12:25:19,244 - root - INFO - server_info[test_svr-65][OPENSTACK_IMAGE]= [e3f77158-c626-4f61-8d3c-4c734baa2ece]
2017-06-27 12:25:19,244 - root - INFO - server_info[test_svr-70][STATUS]= [KICK]
2017-06-27 12:25:19,244 - root - INFO - server_info[test_svr-70][CONSOLE_PORT]= [0]
2017-06-27 12:25:19,244 - root - INFO - server_info[test_svr-70][SYSTEM_TYPE]= [OPENSTACK]
2017-06-27 12:25:19,244 - root - INFO - server_info[test_svr-70][OPENSTACK_ZONE]= [nova]
2017-06-27 12:25:19,245 - root - INFO - server_info[test_svr-70][APPLICATION_DEVICE]= [eth1]
2017-06-27 12:25:19,245 - root - INFO - server_info[test_svr-70][APPLICATION_IP_V6]= [none]
2017-06-27 12:25:19,245 - root - INFO - server_info[test_svr-70][APPLICATION_IP_V4]= [192.168.0.70]
2017-06-27 12:25:19,245 - root - INFO - server_info[test_svr-70][OPENSTACK_FLAVOR]= [ARTTEST]
2017-06-27 12:25:19,245 - root - INFO - server_info[test_svr-70][OPENSTACK_SSH_KEY]= [art-key]
2017-06-27 12:25:19,245 - root - INFO - server_info[test_svr-70][DOMAIN]= [kicker.com]
2017-06-27 12:25:19,245 - root - INFO - server_info[test_svr-70][HOSTNAME]= [test_svr-70]
2017-06-27 12:25:19,245 - root - INFO - server_info[test_svr-70][OPENSTACK_MANAGEMENT_NETWORK]= [e3f77158-c626-4f61-8d3c-4c734baa2ece]
2017-06-27 12:25:19,245 - root - INFO - server_info[test_svr-70][CONSOLE_SPEED]= [0]
2017-06-27 12:25:19,245 - root - INFO - server_info[test_svr-70][MANAGEMENT_IP_V6]= [none]
2017-06-27 12:25:19,245 - root - INFO - server_info[test_svr-70][PXE_DEVICE]= [eth0]
2017-06-27 12:25:19,245 - root - INFO - server_info[test_svr-70][OPENSTACK_SECURITY_GROUP]= [default,art-sec-rules]
2017-06-27 12:25:19,245 - root - INFO - server_info[test_svr-70][OPENSTACK_APPLICATION_NETWORK]= [e3f77158-c626-4f61-8d3c-4c734baa2ecc]
2017-06-27 12:25:19,246 - root - INFO - server_info[test_svr-70][APPLICATION_TYPE]= [test]
2017-06-27 12:25:19,246 - root - INFO - server_info[test_svr-70][SWAPSIZE]= [10000]
2017-06-27 12:25:19,246 - root - INFO - server_info[test_svr-70][MANAGEMENT_DEVICE]= [eth0]
2017-06-27 12:25:19,246 - root - INFO - server_info[test_svr-70][PXE_MAC]= [00:00:00:00:00:46]
2017-06-27 12:25:19,246 - root - INFO - server_info[test_svr-70][MANAGEMENT_IP_V4]= [172.16.0.70]
2017-06-27 12:25:19,246 - root - INFO - server_info[test_svr-70][DRIVE]= [vda]
2017-06-27 12:25:19,246 - root - INFO - server_info[test_svr-70][OS_VERSION]= [ubuntu-14.04-x86_64]
2017-06-27 12:25:19,246 - root - INFO - server_info[test_svr-70][OPENSTACK_IMAGE]= [e3f77158-c626-4f61-8d3c-4c734baa2ece]
2017-06-27 12:25:19,246 - root - INFO - server_info[test_svr-78][STATUS]= [KICK]
2017-06-27 12:25:19,246 - root - INFO - server_info[test_svr-78][CONSOLE_PORT]= [0]
2017-06-27 12:25:19,246 - root - INFO - server_info[test_svr-78][SYSTEM_TYPE]= [OPENSTACK]
2017-06-27 12:25:19,246 - root - INFO - server_info[test_svr-78][OPENSTACK_ZONE]= [nova]
2017-06-27 12:25:19,246 - root - INFO - server_info[test_svr-78][APPLICATION_DEVICE]= [eth1]
2017-06-27 12:25:19,247 - root - INFO - server_info[test_svr-78][APPLICATION_IP_V6]= [none]
2017-06-27 12:25:19,247 - root - INFO - server_info[test_svr-78][APPLICATION_IP_V4]= [192.168.0.78]
2017-06-27 12:25:19,247 - root - INFO - server_info[test_svr-78][OPENSTACK_FLAVOR]= [ARTTEST]
2017-06-27 12:25:19,247 - root - INFO - server_info[test_svr-78][OPENSTACK_SSH_KEY]= [art-key]
2017-06-27 12:25:19,247 - root - INFO - server_info[test_svr-78][DOMAIN]= [kicker.com]
2017-06-27 12:25:19,247 - root - INFO - server_info[test_svr-78][HOSTNAME]= [test_svr-78]
2017-06-27 12:25:19,247 - root - INFO - server_info[test_svr-78][OPENSTACK_MANAGEMENT_NETWORK]= [e3f77158-c626-4f61-8d3c-4c734baa2ece]
2017-06-27 12:25:19,247 - root - INFO - server_info[test_svr-78][CONSOLE_SPEED]= [0]
2017-06-27 12:25:19,247 - root - INFO - server_info[test_svr-78][MANAGEMENT_IP_V6]= [none]
2017-06-27 12:25:19,247 - root - INFO - server_info[test_svr-78][PXE_DEVICE]= [eth0]
2017-06-27 12:25:19,247 - root - INFO - server_info[test_svr-78][OPENSTACK_SECURITY_GROUP]= [default,art-sec-rules]
2017-06-27 12:25:19,247 - root - INFO - server_info[test_svr-78][OPENSTACK_APPLICATION_NETWORK]= [e3f77158-c626-4f61-8d3c-4c734baa2ecc]
2017-06-27 12:25:19,247 - root - INFO - server_info[test_svr-78][APPLICATION_TYPE]= [test]
2017-06-27 12:25:19,248 - root - INFO - server_info[test_svr-78][SWAPSIZE]= [10000]
2017-06-27 12:25:19,248 - root - INFO - server_info[test_svr-78][MANAGEMENT_DEVICE]= [eth0]
2017-06-27 12:25:19,248 - root - INFO - server_info[test_svr-78][PXE_MAC]= [00:00:00:00:00:4e]
2017-06-27 12:25:19,248 - root - INFO - server_info[test_svr-78][MANAGEMENT_IP_V4]= [172.16.0.78]
2017-06-27 12:25:19,248 - root - INFO - server_info[test_svr-78][DRIVE]= [vda]
2017-06-27 12:25:19,248 - root - INFO - server_info[test_svr-78][OS_VERSION]= [ubuntu-14.04-x86_64]
2017-06-27 12:25:19,248 - root - INFO - server_info[test_svr-78][OPENSTACK_IMAGE]= [e3f77158-c626-4f61-8d3c-4c734baa2ece]
2017-06-27 12:25:19,248 - root - INFO - server_info[test_svr-77][STATUS]= [KICK]
2017-06-27 12:25:19,248 - root - INFO - server_info[test_svr-77][CONSOLE_PORT]= [0]
2017-06-27 12:25:19,248 - root - INFO - server_info[test_svr-77][SYSTEM_TYPE]= [OPENSTACK]
2017-06-27 12:25:19,248 - root - INFO - server_info[test_svr-77][OPENSTACK_ZONE]= [nova]
2017-06-27 12:25:19,248 - root - INFO - server_info[test_svr-77][APPLICATION_DEVICE]= [eth1]
2017-06-27 12:25:19,248 - root - INFO - server_info[test_svr-77][APPLICATION_IP_V6]= [none]
2017-06-27 12:25:19,249 - root - INFO - server_info[test_svr-77][APPLICATION_IP_V4]= [192.168.0.77]
2017-06-27 12:25:19,249 - root - INFO - server_info[test_svr-77][OPENSTACK_FLAVOR]= [ARTTEST]
2017-06-27 12:25:19,249 - root - INFO - server_info[test_svr-77][OPENSTACK_SSH_KEY]= [art-key]
2017-06-27 12:25:19,249 - root - INFO - server_info[test_svr-77][DOMAIN]= [kicker.com]
2017-06-27 12:25:19,249 - root - INFO - server_info[test_svr-77][HOSTNAME]= [test_svr-77]
2017-06-27 12:25:19,249 - root - INFO - server_info[test_svr-77][OPENSTACK_MANAGEMENT_NETWORK]= [e3f77158-c626-4f61-8d3c-4c734baa2ece]
2017-06-27 12:25:19,249 - root - INFO - server_info[test_svr-77][CONSOLE_SPEED]= [0]
2017-06-27 12:25:19,249 - root - INFO - server_info[test_svr-77][MANAGEMENT_IP_V6]= [none]
2017-06-27 12:25:19,249 - root - INFO - server_info[test_svr-77][PXE_DEVICE]= [eth0]
2017-06-27 12:25:19,249 - root - INFO - server_info[test_svr-77][OPENSTACK_SECURITY_GROUP]= [default,art-sec-rules]
2017-06-27 12:25:19,249 - root - INFO - server_info[test_svr-77][OPENSTACK_APPLICATION_NETWORK]= [e3f77158-c626-4f61-8d3c-4c734baa2ecc]
2017-06-27 12:25:19,249 - root - INFO - server_info[test_svr-77][APPLICATION_TYPE]= [test]
2017-06-27 12:25:19,249 - root - INFO - server_info[test_svr-77][SWAPSIZE]= [10000]
2017-06-27 12:25:19,250 - root - INFO - server_info[test_svr-77][MANAGEMENT_DEVICE]= [eth0]
2017-06-27 12:25:19,250 - root - INFO - server_info[test_svr-77][PXE_MAC]= [00:00:00:00:00:4d]
2017-06-27 12:25:19,250 - root - INFO - server_info[test_svr-77][MANAGEMENT_IP_V4]= [172.16.0.77]
2017-06-27 12:25:19,250 - root - INFO - server_info[test_svr-77][DRIVE]= [vda]
2017-06-27 12:25:19,250 - root - INFO - server_info[test_svr-77][OS_VERSION]= [ubuntu-14.04-x86_64]
2017-06-27 12:25:19,250 - root - INFO - server_info[test_svr-77][OPENSTACK_IMAGE]= [e3f77158-c626-4f61-8d3c-4c734baa2ece]
2017-06-27 12:25:19,250 - root - INFO - server_info[test_svr-67][STATUS]= [KICK]
2017-06-27 12:25:19,250 - root - INFO - server_info[test_svr-67][CONSOLE_PORT]= [0]
2017-06-27 12:25:19,250 - root - INFO - server_info[test_svr-67][SYSTEM_TYPE]= [OPENSTACK]
2017-06-27 12:25:19,250 - root - INFO - server_info[test_svr-67][OPENSTACK_ZONE]= [nova]
2017-06-27 12:25:19,250 - root - INFO - server_info[test_svr-67][APPLICATION_DEVICE]= [eth1]
2017-06-27 12:25:19,250 - root - INFO - server_info[test_svr-67][APPLICATION_IP_V6]= [none]
2017-06-27 12:25:19,250 - root - INFO - server_info[test_svr-67][APPLICATION_IP_V4]= [192.168.0.67]
2017-06-27 12:25:19,251 - root - INFO - server_info[test_svr-67][OPENSTACK_FLAVOR]= [ARTTEST]
2017-06-27 12:25:19,251 - root - INFO - server_info[test_svr-67][OPENSTACK_SSH_KEY]= [art-key]
2017-06-27 12:25:19,251 - root - INFO - server_info[test_svr-67][DOMAIN]= [kicker.com]
2017-06-27 12:25:19,251 - root - INFO - server_info[test_svr-67][HOSTNAME]= [test_svr-67]
2017-06-27 12:25:19,251 - root - INFO - server_info[test_svr-67][OPENSTACK_MANAGEMENT_NETWORK]= [e3f77158-c626-4f61-8d3c-4c734baa2ece]
2017-06-27 12:25:19,251 - root - INFO - server_info[test_svr-67][CONSOLE_SPEED]= [0]
2017-06-27 12:25:19,251 - root - INFO - server_info[test_svr-67][MANAGEMENT_IP_V6]= [none]
2017-06-27 12:25:19,251 - root - INFO - server_info[test_svr-67][PXE_DEVICE]= [eth0]
2017-06-27 12:25:19,251 - root - INFO - server_info[test_svr-67][OPENSTACK_SECURITY_GROUP]= [default,art-sec-rules]
2017-06-27 12:25:19,251 - root - INFO - server_info[test_svr-67][OPENSTACK_APPLICATION_NETWORK]= [e3f77158-c626-4f61-8d3c-4c734baa2ecc]
2017-06-27 12:25:19,251 - root - INFO - server_info[test_svr-67][APPLICATION_TYPE]= [test]
2017-06-27 12:25:19,251 - root - INFO - server_info[test_svr-67][SWAPSIZE]= [10000]
2017-06-27 12:25:19,251 - root - INFO - server_info[test_svr-67][MANAGEMENT_DEVICE]= [eth0]
2017-06-27 12:25:19,252 - root - INFO - server_info[test_svr-67][PXE_MAC]= [00:00:00:00:00:43]
2017-06-27 12:25:19,252 - root - INFO - server_info[test_svr-67][MANAGEMENT_IP_V4]= [172.16.0.67]
2017-06-27 12:25:19,252 - root - INFO - server_info[test_svr-67][DRIVE]= [vda]
2017-06-27 12:25:19,252 - root - INFO - server_info[test_svr-67][OS_VERSION]= [ubuntu-14.04-x86_64]
2017-06-27 12:25:19,252 - root - INFO - server_info[test_svr-67][OPENSTACK_IMAGE]= [e3f77158-c626-4f61-8d3c-4c734baa2ece]
2017-06-27 12:25:19,252 - root - INFO - server_info[test_svr-72][STATUS]= [KICK]
2017-06-27 12:25:19,252 - root - INFO - server_info[test_svr-72][CONSOLE_PORT]= [0]
2017-06-27 12:25:19,252 - root - INFO - server_info[test_svr-72][SYSTEM_TYPE]= [OPENSTACK]
2017-06-27 12:25:19,252 - root - INFO - server_info[test_svr-72][OPENSTACK_ZONE]= [nova]
2017-06-27 12:25:19,252 - root - INFO - server_info[test_svr-72][APPLICATION_DEVICE]= [eth1]
2017-06-27 12:25:19,252 - root - INFO - server_info[test_svr-72][APPLICATION_IP_V6]= [none]
2017-06-27 12:25:19,252 - root - INFO - server_info[test_svr-72][APPLICATION_IP_V4]= [192.168.0.72]
2017-06-27 12:25:19,252 - root - INFO - server_info[test_svr-72][OPENSTACK_FLAVOR]= [ARTTEST]
2017-06-27 12:25:19,252 - root - INFO - server_info[test_svr-72][OPENSTACK_SSH_KEY]= [art-key]
2017-06-27 12:25:19,253 - root - INFO - server_info[test_svr-72][DOMAIN]= [kicker.com]
2017-06-27 12:25:19,253 - root - INFO - server_info[test_svr-72][HOSTNAME]= [test_svr-72]
2017-06-27 12:25:19,253 - root - INFO - server_info[test_svr-72][OPENSTACK_MANAGEMENT_NETWORK]= [e3f77158-c626-4f61-8d3c-4c734baa2ece]
2017-06-27 12:25:19,253 - root - INFO - server_info[test_svr-72][CONSOLE_SPEED]= [0]
2017-06-27 12:25:19,253 - root - INFO - server_info[test_svr-72][MANAGEMENT_IP_V6]= [none]
2017-06-27 12:25:19,253 - root - INFO - server_info[test_svr-72][PXE_DEVICE]= [eth0]
2017-06-27 12:25:19,253 - root - INFO - server_info[test_svr-72][OPENSTACK_SECURITY_GROUP]= [default,art-sec-rules]
2017-06-27 12:25:19,253 - root - INFO - server_info[test_svr-72][OPENSTACK_APPLICATION_NETWORK]= [e3f77158-c626-4f61-8d3c-4c734baa2ecc]
2017-06-27 12:25:19,253 - root - INFO - server_info[test_svr-72][APPLICATION_TYPE]= [test]
2017-06-27 12:25:19,253 - root - INFO - server_info[test_svr-72][SWAPSIZE]= [10000]
2017-06-27 12:25:19,253 - root - INFO - server_info[test_svr-72][MANAGEMENT_DEVICE]= [eth0]
2017-06-27 12:25:19,253 - root - INFO - server_info[test_svr-72][PXE_MAC]= [00:00:00:00:00:48]
2017-06-27 12:25:19,253 - root - INFO - server_info[test_svr-72][MANAGEMENT_IP_V4]= [172.16.0.72]
2017-06-27 12:25:19,253 - root - INFO - server_info[test_svr-72][DRIVE]= [vda]
2017-06-27 12:25:19,254 - root - INFO - server_info[test_svr-72][OS_VERSION]= [ubuntu-14.04-x86_64]
2017-06-27 12:25:19,254 - root - INFO - server_info[test_svr-72][OPENSTACK_IMAGE]= [e3f77158-c626-4f61-8d3c-4c734baa2ece]
2017-06-27 12:25:19,254 - root - INFO - server_info[test_svr-75][STATUS]= [KICK]
2017-06-27 12:25:19,254 - root - INFO - server_info[test_svr-75][CONSOLE_PORT]= [0]
2017-06-27 12:25:19,254 - root - INFO - server_info[test_svr-75][SYSTEM_TYPE]= [OPENSTACK]
2017-06-27 12:25:19,254 - root - INFO - server_info[test_svr-75][OPENSTACK_ZONE]= [nova]
2017-06-27 12:25:19,254 - root - INFO - server_info[test_svr-75][APPLICATION_DEVICE]= [eth1]
2017-06-27 12:25:19,254 - root - INFO - server_info[test_svr-75][APPLICATION_IP_V6]= [none]
2017-06-27 12:25:19,254 - root - INFO - server_info[test_svr-75][APPLICATION_IP_V4]= [192.168.0.75]
2017-06-27 12:25:19,254 - root - INFO - server_info[test_svr-75][OPENSTACK_FLAVOR]= [ARTTEST]
2017-06-27 12:25:19,254 - root - INFO - server_info[test_svr-75][OPENSTACK_SSH_KEY]= [art-key]
2017-06-27 12:25:19,254 - root - INFO - server_info[test_svr-75][DOMAIN]= [kicker.com]
2017-06-27 12:25:19,254 - root - INFO - server_info[test_svr-75][HOSTNAME]= [test_svr-75]
2017-06-27 12:25:19,254 - root - INFO - server_info[test_svr-75][OPENSTACK_MANAGEMENT_NETWORK]= [e3f77158-c626-4f61-8d3c-4c734baa2ece]
2017-06-27 12:25:19,255 - root - INFO - server_info[test_svr-75][CONSOLE_SPEED]= [0]
2017-06-27 12:25:19,255 - root - INFO - server_info[test_svr-75][MANAGEMENT_IP_V6]= [none]
2017-06-27 12:25:19,255 - root - INFO - server_info[test_svr-75][PXE_DEVICE]= [eth0]
2017-06-27 12:25:19,255 - root - INFO - server_info[test_svr-75][OPENSTACK_SECURITY_GROUP]= [default,art-sec-rules]
2017-06-27 12:25:19,255 - root - INFO - server_info[test_svr-75][OPENSTACK_APPLICATION_NETWORK]= [e3f77158-c626-4f61-8d3c-4c734baa2ecc]
2017-06-27 12:25:19,255 - root - INFO - server_info[test_svr-75][APPLICATION_TYPE]= [test]
2017-06-27 12:25:19,255 - root - INFO - server_info[test_svr-75][SWAPSIZE]= [10000]
2017-06-27 12:25:19,255 - root - INFO - server_info[test_svr-75][MANAGEMENT_DEVICE]= [eth0]
2017-06-27 12:25:19,255 - root - INFO - server_info[test_svr-75][PXE_MAC]= [00:00:00:00:00:4b]
2017-06-27 12:25:19,255 - root - INFO - server_info[test_svr-75][MANAGEMENT_IP_V4]= [172.16.0.75]
2017-06-27 12:25:19,255 - root - INFO - server_info[test_svr-75][DRIVE]= [vda]
2017-06-27 12:25:19,255 - root - INFO - server_info[test_svr-75][OS_VERSION]= [ubuntu-14.04-x86_64]
2017-06-27 12:25:19,255 - root - INFO - server_info[test_svr-75][OPENSTACK_IMAGE]= [e3f77158-c626-4f61-8d3c-4c734baa2ece]
2017-06-27 12:25:19,256 - root - INFO - server_info[test_svr-71][STATUS]= [KICK]
2017-06-27 12:25:19,256 - root - INFO - server_info[test_svr-71][CONSOLE_PORT]= [0]
2017-06-27 12:25:19,256 - root - INFO - server_info[test_svr-71][SYSTEM_TYPE]= [OPENSTACK]
2017-06-27 12:25:19,256 - root - INFO - server_info[test_svr-71][OPENSTACK_ZONE]= [nova]
2017-06-27 12:25:19,256 - root - INFO - server_info[test_svr-71][APPLICATION_DEVICE]= [eth1]
2017-06-27 12:25:19,256 - root - INFO - server_info[test_svr-71][APPLICATION_IP_V6]= [none]
2017-06-27 12:25:19,256 - root - INFO - server_info[test_svr-71][APPLICATION_IP_V4]= [192.168.0.71]
2017-06-27 12:25:19,256 - root - INFO - server_info[test_svr-71][OPENSTACK_FLAVOR]= [ARTTEST]
2017-06-27 12:25:19,256 - root - INFO - server_info[test_svr-71][OPENSTACK_SSH_KEY]= [art-key]
2017-06-27 12:25:19,256 - root - INFO - server_info[test_svr-71][DOMAIN]= [kicker.com]
2017-06-27 12:25:19,256 - root - INFO - server_info[test_svr-71][HOSTNAME]= [test_svr-71]
2017-06-27 12:25:19,256 - root - INFO - server_info[test_svr-71][OPENSTACK_MANAGEMENT_NETWORK]= [e3f77158-c626-4f61-8d3c-4c734baa2ece]
2017-06-27 12:25:19,256 - root - INFO - server_info[test_svr-71][CONSOLE_SPEED]= [0]
2017-06-27 12:25:19,256 - root - INFO - server_info[test_svr-71][MANAGEMENT_IP_V6]= [none]
2017-06-27 12:25:19,257 - root - INFO - server_info[test_svr-71][PXE_DEVICE]= [eth0]
2017-06-27 12:25:19,257 - root - INFO - server_info[test_svr-71][OPENSTACK_SECURITY_GROUP]= [default,art-sec-rules]
2017-06-27 12:25:19,257 - root - INFO - server_info[test_svr-71][OPENSTACK_APPLICATION_NETWORK]= [e3f77158-c626-4f61-8d3c-4c734baa2ecc]
2017-06-27 12:25:19,257 - root - INFO - server_info[test_svr-71][APPLICATION_TYPE]= [test]
2017-06-27 12:25:19,257 - root - INFO - server_info[test_svr-71][SWAPSIZE]= [10000]
2017-06-27 12:25:19,257 - root - INFO - server_info[test_svr-71][MANAGEMENT_DEVICE]= [eth0]
2017-06-27 12:25:19,257 - root - INFO - server_info[test_svr-71][PXE_MAC]= [00:00:00:00:00:47]
2017-06-27 12:25:19,257 - root - INFO - server_info[test_svr-71][MANAGEMENT_IP_V4]= [172.16.0.71]
2017-06-27 12:25:19,257 - root - INFO - server_info[test_svr-71][DRIVE]= [vda]
2017-06-27 12:25:19,257 - root - INFO - server_info[test_svr-71][OS_VERSION]= [ubuntu-14.04-x86_64]
2017-06-27 12:25:19,257 - root - INFO - server_info[test_svr-71][OPENSTACK_IMAGE]= [e3f77158-c626-4f61-8d3c-4c734baa2ece]
2017-06-27 12:25:19,257 - root - INFO - print_config completed
2017-06-27 12:25:19,257 - root - INFO - check_server_network server=[test_svr-68]
2017-06-27 12:25:19,258 - root - INFO - get_network [192.168.0.68]/[255.255.254.0] completed return [192.168.0.0]
2017-06-27 12:25:19,258 - root - INFO - get_network [192.168.0.68]/[255.255.254.0] completed return [192.168.0.0]
2017-06-27 12:25:19,258 - root - INFO - get_subnet_network [192.168.0.68] completed return [192.168.0.0]
2017-06-27 12:25:19,258 - root - INFO - get_netmask [192.168.0.0] completed return [255.255.254.0]
2017-06-27 12:25:19,258 - root - INFO - get_router [192.168.0.0] completed return [192.168.0.1]
2017-06-27 12:25:19,258 - root - INFO - get_broadcast network [192.168.0.0]/[255.255.254.0] completed return [192.168.1.255]
2017-06-27 12:25:19,259 - root - INFO - get_network [172.16.0.68]/[255.255.254.0] completed return [172.16.0.0]
2017-06-27 12:25:19,259 - root - INFO - get_subnet_network [172.16.0.68] completed return [172.16.0.0]
2017-06-27 12:25:19,259 - root - INFO - get_netmask [172.16.0.0] completed return [255.255.254.0]
2017-06-27 12:25:19,259 - root - INFO - get_router [172.16.0.0] completed return [172.16.0.1]
2017-06-27 12:25:19,259 - root - INFO - get_broadcast network [172.16.0.0]/[255.255.254.0] completed return [172.16.1.255]
2017-06-27 12:25:19,259 - root - INFO - check_server_network server=[test_svr-69]
2017-06-27 12:25:19,259 - root - INFO - get_network [192.168.0.69]/[255.255.254.0] completed return [192.168.0.0]
2017-06-27 12:25:19,259 - root - INFO - get_network [192.168.0.69]/[255.255.254.0] completed return [192.168.0.0]
2017-06-27 12:25:19,259 - root - INFO - get_subnet_network [192.168.0.69] completed return [192.168.0.0]
2017-06-27 12:25:19,259 - root - INFO - get_netmask [192.168.0.0] completed return [255.255.254.0]
2017-06-27 12:25:19,260 - root - INFO - get_router [192.168.0.0] completed return [192.168.0.1]
2017-06-27 12:25:19,260 - root - INFO - get_broadcast network [192.168.0.0]/[255.255.254.0] completed return [192.168.1.255]
2017-06-27 12:25:19,260 - root - INFO - get_network [172.16.0.69]/[255.255.254.0] completed return [172.16.0.0]
2017-06-27 12:25:19,260 - root - INFO - get_subnet_network [172.16.0.69] completed return [172.16.0.0]
2017-06-27 12:25:19,260 - root - INFO - get_netmask [172.16.0.0] completed return [255.255.254.0]
2017-06-27 12:25:19,260 - root - INFO - get_router [172.16.0.0] completed return [172.16.0.1]
2017-06-27 12:25:19,260 - root - INFO - get_broadcast network [172.16.0.0]/[255.255.254.0] completed return [172.16.1.255]
2017-06-27 12:25:19,260 - root - INFO - check_server_network server=[test_svr-80]
2017-06-27 12:25:19,260 - root - INFO - get_network [192.168.0.80]/[255.255.254.0] completed return [192.168.0.0]
2017-06-27 12:25:19,261 - root - INFO - get_network [192.168.0.80]/[255.255.254.0] completed return [192.168.0.0]
2017-06-27 12:25:19,261 - root - INFO - get_subnet_network [192.168.0.80] completed return [192.168.0.0]
2017-06-27 12:25:19,261 - root - INFO - get_netmask [192.168.0.0] completed return [255.255.254.0]
2017-06-27 12:25:19,261 - root - INFO - get_router [192.168.0.0] completed return [192.168.0.1]
2017-06-27 12:25:19,261 - root - INFO - get_broadcast network [192.168.0.0]/[255.255.254.0] completed return [192.168.1.255]
2017-06-27 12:25:19,261 - root - INFO - get_network [172.16.0.80]/[255.255.254.0] completed return [172.16.0.0]
2017-06-27 12:25:19,261 - root - INFO - get_subnet_network [172.16.0.80] completed return [172.16.0.0]
2017-06-27 12:25:19,261 - root - INFO - get_netmask [172.16.0.0] completed return [255.255.254.0]
2017-06-27 12:25:19,261 - root - INFO - get_router [172.16.0.0] completed return [172.16.0.1]
2017-06-27 12:25:19,261 - root - INFO - get_broadcast network [172.16.0.0]/[255.255.254.0] completed return [172.16.1.255]
2017-06-27 12:25:19,262 - root - INFO - check_server_network server=[test_svr-73]
2017-06-27 12:25:19,262 - root - INFO - get_network [192.168.0.73]/[255.255.254.0] completed return [192.168.0.0]
2017-06-27 12:25:19,262 - root - INFO - get_network [192.168.0.73]/[255.255.254.0] completed return [192.168.0.0]
2017-06-27 12:25:19,262 - root - INFO - get_subnet_network [192.168.0.73] completed return [192.168.0.0]
2017-06-27 12:25:19,262 - root - INFO - get_netmask [192.168.0.0] completed return [255.255.254.0]
2017-06-27 12:25:19,262 - root - INFO - get_router [192.168.0.0] completed return [192.168.0.1]
2017-06-27 12:25:19,262 - root - INFO - get_broadcast network [192.168.0.0]/[255.255.254.0] completed return [192.168.1.255]
2017-06-27 12:25:19,262 - root - INFO - get_network [172.16.0.73]/[255.255.254.0] completed return [172.16.0.0]
2017-06-27 12:25:19,262 - root - INFO - get_subnet_network [172.16.0.73] completed return [172.16.0.0]
2017-06-27 12:25:19,263 - root - INFO - get_netmask [172.16.0.0] completed return [255.255.254.0]
2017-06-27 12:25:19,263 - root - INFO - get_router [172.16.0.0] completed return [172.16.0.1]
2017-06-27 12:25:19,263 - root - INFO - get_broadcast network [172.16.0.0]/[255.255.254.0] completed return [172.16.1.255]
2017-06-27 12:25:19,263 - root - INFO - check_server_network server=[test_svr-79]
2017-06-27 12:25:19,263 - root - INFO - get_network [192.168.0.79]/[255.255.254.0] completed return [192.168.0.0]
2017-06-27 12:25:19,263 - root - INFO - get_network [192.168.0.79]/[255.255.254.0] completed return [192.168.0.0]
2017-06-27 12:25:19,263 - root - INFO - get_subnet_network [192.168.0.79] completed return [192.168.0.0]
2017-06-27 12:25:19,263 - root - INFO - get_netmask [192.168.0.0] completed return [255.255.254.0]
2017-06-27 12:25:19,263 - root - INFO - get_router [192.168.0.0] completed return [192.168.0.1]
2017-06-27 12:25:19,263 - root - INFO - get_broadcast network [192.168.0.0]/[255.255.254.0] completed return [192.168.1.255]
2017-06-27 12:25:19,264 - root - INFO - get_network [172.16.0.79]/[255.255.254.0] completed return [172.16.0.0]
2017-06-27 12:25:19,264 - root - INFO - get_subnet_network [172.16.0.79] completed return [172.16.0.0]
2017-06-27 12:25:19,264 - root - INFO - get_netmask [172.16.0.0] completed return [255.255.254.0]
2017-06-27 12:25:19,264 - root - INFO - get_router [172.16.0.0] completed return [172.16.0.1]
2017-06-27 12:25:19,264 - root - INFO - get_broadcast network [172.16.0.0]/[255.255.254.0] completed return [172.16.1.255]
2017-06-27 12:25:19,264 - root - INFO - check_server_network server=[test_svr-76]
2017-06-27 12:25:19,264 - root - INFO - get_network [192.168.0.76]/[255.255.254.0] completed return [192.168.0.0]
2017-06-27 12:25:19,264 - root - INFO - get_network [192.168.0.76]/[255.255.254.0] completed return [192.168.0.0]
2017-06-27 12:25:19,264 - root - INFO - get_subnet_network [192.168.0.76] completed return [192.168.0.0]
2017-06-27 12:25:19,264 - root - INFO - get_netmask [192.168.0.0] completed return [255.255.254.0]
2017-06-27 12:25:19,265 - root - INFO - get_router [192.168.0.0] completed return [192.168.0.1]
2017-06-27 12:25:19,265 - root - INFO - get_broadcast network [192.168.0.0]/[255.255.254.0] completed return [192.168.1.255]
2017-06-27 12:25:19,265 - root - INFO - get_network [172.16.0.76]/[255.255.254.0] completed return [172.16.0.0]
2017-06-27 12:25:19,265 - root - INFO - get_subnet_network [172.16.0.76] completed return [172.16.0.0]
2017-06-27 12:25:19,265 - root - INFO - get_netmask [172.16.0.0] completed return [255.255.254.0]
2017-06-27 12:25:19,265 - root - INFO - get_router [172.16.0.0] completed return [172.16.0.1]
2017-06-27 12:25:19,265 - root - INFO - get_broadcast network [172.16.0.0]/[255.255.254.0] completed return [172.16.1.255]
2017-06-27 12:25:19,265 - root - INFO - check_server_network server=[test_svr-74]
2017-06-27 12:25:19,265 - root - INFO - get_network [192.168.0.74]/[255.255.254.0] completed return [192.168.0.0]
2017-06-27 12:25:19,266 - root - INFO - get_network [192.168.0.74]/[255.255.254.0] completed return [192.168.0.0]
2017-06-27 12:25:19,266 - root - INFO - get_subnet_network [192.168.0.74] completed return [192.168.0.0]
2017-06-27 12:25:19,266 - root - INFO - get_netmask [192.168.0.0] completed return [255.255.254.0]
2017-06-27 12:25:19,266 - root - INFO - get_router [192.168.0.0] completed return [192.168.0.1]
2017-06-27 12:25:19,266 - root - INFO - get_broadcast network [192.168.0.0]/[255.255.254.0] completed return [192.168.1.255]
2017-06-27 12:25:19,266 - root - INFO - get_network [172.16.0.74]/[255.255.254.0] completed return [172.16.0.0]
2017-06-27 12:25:19,266 - root - INFO - get_subnet_network [172.16.0.74] completed return [172.16.0.0]
2017-06-27 12:25:19,266 - root - INFO - get_netmask [172.16.0.0] completed return [255.255.254.0]
2017-06-27 12:25:19,266 - root - INFO - get_router [172.16.0.0] completed return [172.16.0.1]
2017-06-27 12:25:19,266 - root - INFO - get_broadcast network [172.16.0.0]/[255.255.254.0] completed return [172.16.1.255]
2017-06-27 12:25:19,266 - root - INFO - check_server_network server=[test_svr-66]
2017-06-27 12:25:19,267 - root - INFO - get_network [192.168.0.66]/[255.255.254.0] completed return [192.168.0.0]
2017-06-27 12:25:19,267 - root - INFO - get_network [192.168.0.66]/[255.255.254.0] completed return [192.168.0.0]
2017-06-27 12:25:19,267 - root - INFO - get_subnet_network [192.168.0.66] completed return [192.168.0.0]
2017-06-27 12:25:19,267 - root - INFO - get_netmask [192.168.0.0] completed return [255.255.254.0]
2017-06-27 12:25:19,267 - root - INFO - get_router [192.168.0.0] completed return [192.168.0.1]
2017-06-27 12:25:19,267 - root - INFO - get_broadcast network [192.168.0.0]/[255.255.254.0] completed return [192.168.1.255]
2017-06-27 12:25:19,267 - root - INFO - get_network [172.16.0.66]/[255.255.254.0] completed return [172.16.0.0]
2017-06-27 12:25:19,267 - root - INFO - get_subnet_network [172.16.0.66] completed return [172.16.0.0]
2017-06-27 12:25:19,267 - root - INFO - get_netmask [172.16.0.0] completed return [255.255.254.0]
2017-06-27 12:25:19,267 - root - INFO - get_router [172.16.0.0] completed return [172.16.0.1]
2017-06-27 12:25:19,268 - root - INFO - get_broadcast network [172.16.0.0]/[255.255.254.0] completed return [172.16.1.255]
2017-06-27 12:25:19,268 - root - INFO - check_server_network server=[test_svr-65]
2017-06-27 12:25:19,268 - root - INFO - get_network [192.168.0.65]/[255.255.254.0] completed return [192.168.0.0]
2017-06-27 12:25:19,268 - root - INFO - get_network [192.168.0.65]/[255.255.254.0] completed return [192.168.0.0]
2017-06-27 12:25:19,268 - root - INFO - get_subnet_network [192.168.0.65] completed return [192.168.0.0]
2017-06-27 12:25:19,268 - root - INFO - get_netmask [192.168.0.0] completed return [255.255.254.0]
2017-06-27 12:25:19,268 - root - INFO - get_router [192.168.0.0] completed return [192.168.0.1]
2017-06-27 12:25:19,268 - root - INFO - get_broadcast network [192.168.0.0]/[255.255.254.0] completed return [192.168.1.255]
2017-06-27 12:25:19,268 - root - INFO - get_network [172.16.0.65]/[255.255.254.0] completed return [172.16.0.0]
2017-06-27 12:25:19,269 - root - INFO - get_subnet_network [172.16.0.65] completed return [172.16.0.0]
2017-06-27 12:25:19,269 - root - INFO - get_netmask [172.16.0.0] completed return [255.255.254.0]
2017-06-27 12:25:19,269 - root - INFO - get_router [172.16.0.0] completed return [172.16.0.1]
2017-06-27 12:25:19,269 - root - INFO - get_broadcast network [172.16.0.0]/[255.255.254.0] completed return [172.16.1.255]
2017-06-27 12:25:19,269 - root - INFO - check_server_network server=[test_svr-70]
2017-06-27 12:25:19,269 - root - INFO - get_network [192.168.0.70]/[255.255.254.0] completed return [192.168.0.0]
2017-06-27 12:25:19,269 - root - INFO - get_network [192.168.0.70]/[255.255.254.0] completed return [192.168.0.0]
2017-06-27 12:25:19,269 - root - INFO - get_subnet_network [192.168.0.70] completed return [192.168.0.0]
2017-06-27 12:25:19,269 - root - INFO - get_netmask [192.168.0.0] completed return [255.255.254.0]
2017-06-27 12:25:19,269 - root - INFO - get_router [192.168.0.0] completed return [192.168.0.1]
2017-06-27 12:25:19,269 - root - INFO - get_broadcast network [192.168.0.0]/[255.255.254.0] completed return [192.168.1.255]
2017-06-27 12:25:19,270 - root - INFO - get_network [172.16.0.70]/[255.255.254.0] completed return [172.16.0.0]
2017-06-27 12:25:19,270 - root - INFO - get_subnet_network [172.16.0.70] completed return [172.16.0.0]
2017-06-27 12:25:19,270 - root - INFO - get_netmask [172.16.0.0] completed return [255.255.254.0]
2017-06-27 12:25:19,270 - root - INFO - get_router [172.16.0.0] completed return [172.16.0.1]
2017-06-27 12:25:19,270 - root - INFO - get_broadcast network [172.16.0.0]/[255.255.254.0] completed return [172.16.1.255]
2017-06-27 12:25:19,270 - root - INFO - check_server_network server=[test_svr-78]
2017-06-27 12:25:19,270 - root - INFO - get_network [192.168.0.78]/[255.255.254.0] completed return [192.168.0.0]
2017-06-27 12:25:19,270 - root - INFO - get_network [192.168.0.78]/[255.255.254.0] completed return [192.168.0.0]
2017-06-27 12:25:19,270 - root - INFO - get_subnet_network [192.168.0.78] completed return [192.168.0.0]
2017-06-27 12:25:19,271 - root - INFO - get_netmask [192.168.0.0] completed return [255.255.254.0]
2017-06-27 12:25:19,271 - root - INFO - get_router [192.168.0.0] completed return [192.168.0.1]
2017-06-27 12:25:19,271 - root - INFO - get_broadcast network [192.168.0.0]/[255.255.254.0] completed return [192.168.1.255]
2017-06-27 12:25:19,271 - root - INFO - get_network [172.16.0.78]/[255.255.254.0] completed return [172.16.0.0]
2017-06-27 12:25:19,271 - root - INFO - get_subnet_network [172.16.0.78] completed return [172.16.0.0]
2017-06-27 12:25:19,271 - root - INFO - get_netmask [172.16.0.0] completed return [255.255.254.0]
2017-06-27 12:25:19,271 - root - INFO - get_router [172.16.0.0] completed return [172.16.0.1]
2017-06-27 12:25:19,271 - root - INFO - get_broadcast network [172.16.0.0]/[255.255.254.0] completed return [172.16.1.255]
2017-06-27 12:25:19,271 - root - INFO - check_server_network server=[test_svr-77]
2017-06-27 12:25:19,271 - root - INFO - get_network [192.168.0.77]/[255.255.254.0] completed return [192.168.0.0]
2017-06-27 12:25:19,272 - root - INFO - get_network [192.168.0.77]/[255.255.254.0] completed return [192.168.0.0]
2017-06-27 12:25:19,272 - root - INFO - get_subnet_network [192.168.0.77] completed return [192.168.0.0]
2017-06-27 12:25:19,272 - root - INFO - get_netmask [192.168.0.0] completed return [255.255.254.0]
2017-06-27 12:25:19,272 - root - INFO - get_router [192.168.0.0] completed return [192.168.0.1]
2017-06-27 12:25:19,272 - root - INFO - get_broadcast network [192.168.0.0]/[255.255.254.0] completed return [192.168.1.255]
2017-06-27 12:25:19,272 - root - INFO - get_network [172.16.0.77]/[255.255.254.0] completed return [172.16.0.0]
2017-06-27 12:25:19,272 - root - INFO - get_subnet_network [172.16.0.77] completed return [172.16.0.0]
2017-06-27 12:25:19,272 - root - INFO - get_netmask [172.16.0.0] completed return [255.255.254.0]
2017-06-27 12:25:19,272 - root - INFO - get_router [172.16.0.0] completed return [172.16.0.1]
2017-06-27 12:25:19,272 - root - INFO - get_broadcast network [172.16.0.0]/[255.255.254.0] completed return [172.16.1.255]
2017-06-27 12:25:19,272 - root - INFO - check_server_network server=[test_svr-67]
2017-06-27 12:25:19,273 - root - INFO - get_network [192.168.0.67]/[255.255.254.0] completed return [192.168.0.0]
2017-06-27 12:25:19,273 - root - INFO - get_network [192.168.0.67]/[255.255.254.0] completed return [192.168.0.0]
2017-06-27 12:25:19,273 - root - INFO - get_subnet_network [192.168.0.67] completed return [192.168.0.0]
2017-06-27 12:25:19,273 - root - INFO - get_netmask [192.168.0.0] completed return [255.255.254.0]
2017-06-27 12:25:19,273 - root - INFO - get_router [192.168.0.0] completed return [192.168.0.1]
2017-06-27 12:25:19,273 - root - INFO - get_broadcast network [192.168.0.0]/[255.255.254.0] completed return [192.168.1.255]
2017-06-27 12:25:19,273 - root - INFO - get_network [172.16.0.67]/[255.255.254.0] completed return [172.16.0.0]
2017-06-27 12:25:19,273 - root - INFO - get_subnet_network [172.16.0.67] completed return [172.16.0.0]
2017-06-27 12:25:19,273 - root - INFO - get_netmask [172.16.0.0] completed return [255.255.254.0]
2017-06-27 12:25:19,273 - root - INFO - get_router [172.16.0.0] completed return [172.16.0.1]
2017-06-27 12:25:19,274 - root - INFO - get_broadcast network [172.16.0.0]/[255.255.254.0] completed return [172.16.1.255]
2017-06-27 12:25:19,274 - root - INFO - check_server_network server=[test_svr-72]
2017-06-27 12:25:19,274 - root - INFO - get_network [192.168.0.72]/[255.255.254.0] completed return [192.168.0.0]
2017-06-27 12:25:19,274 - root - INFO - get_network [192.168.0.72]/[255.255.254.0] completed return [192.168.0.0]
2017-06-27 12:25:19,274 - root - INFO - get_subnet_network [192.168.0.72] completed return [192.168.0.0]
2017-06-27 12:25:19,274 - root - INFO - get_netmask [192.168.0.0] completed return [255.255.254.0]
2017-06-27 12:25:19,274 - root - INFO - get_router [192.168.0.0] completed return [192.168.0.1]
2017-06-27 12:25:19,274 - root - INFO - get_broadcast network [192.168.0.0]/[255.255.254.0] completed return [192.168.1.255]
2017-06-27 12:25:19,274 - root - INFO - get_network [172.16.0.72]/[255.255.254.0] completed return [172.16.0.0]
2017-06-27 12:25:19,275 - root - INFO - get_subnet_network [172.16.0.72] completed return [172.16.0.0]
2017-06-27 12:25:19,275 - root - INFO - get_netmask [172.16.0.0] completed return [255.255.254.0]
2017-06-27 12:25:19,275 - root - INFO - get_router [172.16.0.0] completed return [172.16.0.1]
2017-06-27 12:25:19,275 - root - INFO - get_broadcast network [172.16.0.0]/[255.255.254.0] completed return [172.16.1.255]
2017-06-27 12:25:19,275 - root - INFO - check_server_network server=[test_svr-75]
2017-06-27 12:25:19,275 - root - INFO - get_network [192.168.0.75]/[255.255.254.0] completed return [192.168.0.0]
2017-06-27 12:25:19,275 - root - INFO - get_network [192.168.0.75]/[255.255.254.0] completed return [192.168.0.0]
2017-06-27 12:25:19,275 - root - INFO - get_subnet_network [192.168.0.75] completed return [192.168.0.0]
2017-06-27 12:25:19,275 - root - INFO - get_netmask [192.168.0.0] completed return [255.255.254.0]
2017-06-27 12:25:19,275 - root - INFO - get_router [192.168.0.0] completed return [192.168.0.1]
2017-06-27 12:25:19,276 - root - INFO - get_broadcast network [192.168.0.0]/[255.255.254.0] completed return [192.168.1.255]
2017-06-27 12:25:19,276 - root - INFO - get_network [172.16.0.75]/[255.255.254.0] completed return [172.16.0.0]
2017-06-27 12:25:19,276 - root - INFO - get_subnet_network [172.16.0.75] completed return [172.16.0.0]
2017-06-27 12:25:19,276 - root - INFO - get_netmask [172.16.0.0] completed return [255.255.254.0]
2017-06-27 12:25:19,276 - root - INFO - get_router [172.16.0.0] completed return [172.16.0.1]
2017-06-27 12:25:19,276 - root - INFO - get_broadcast network [172.16.0.0]/[255.255.254.0] completed return [172.16.1.255]
2017-06-27 12:25:19,276 - root - INFO - check_server_network server=[test_svr-71]
2017-06-27 12:25:19,276 - root - INFO - get_network [192.168.0.71]/[255.255.254.0] completed return [192.168.0.0]
2017-06-27 12:25:19,276 - root - INFO - get_network [192.168.0.71]/[255.255.254.0] completed return [192.168.0.0]
2017-06-27 12:25:19,276 - root - INFO - get_subnet_network [192.168.0.71] completed return [192.168.0.0]
2017-06-27 12:25:19,276 - root - INFO - get_netmask [192.168.0.0] completed return [255.255.254.0]
2017-06-27 12:25:19,277 - root - INFO - get_router [192.168.0.0] completed return [192.168.0.1]
2017-06-27 12:25:19,277 - root - INFO - get_broadcast network [192.168.0.0]/[255.255.254.0] completed return [192.168.1.255]
2017-06-27 12:25:19,277 - root - INFO - get_network [172.16.0.71]/[255.255.254.0] completed return [172.16.0.0]
2017-06-27 12:25:19,277 - root - INFO - get_subnet_network [172.16.0.71] completed return [172.16.0.0]
2017-06-27 12:25:19,277 - root - INFO - get_netmask [172.16.0.0] completed return [255.255.254.0]
2017-06-27 12:25:19,277 - root - INFO - get_router [172.16.0.0] completed return [172.16.0.1]
2017-06-27 12:25:19,277 - root - INFO - get_broadcast network [172.16.0.0]/[255.255.254.0] completed return [172.16.1.255]
2017-06-27 12:25:19,277 - root - INFO - check_server_network completed
2017-06-27 12:25:19,278 - root - INFO - get_broadcast network [172.16.0.0]/[255.255.254.0] completed return [172.16.1.255]
2017-06-27 12:25:19,278 - root - INFO - get_broadcast network [172.16.2.0]/[255.255.254.0] completed return [172.16.3.255]
2017-06-27 12:25:19,278 - root - INFO - setup_dhcpd completed
2017-06-27 12:25:19,279 - root - INFO - setup_tftpd unlink /home/art/work_stuff/pykick/web-kickstart/tftpboot/pxelinux.cfg//01-00-00-00-00-00-46
2017-06-27 12:25:19,279 - root - INFO - setup_tftpd unlink /home/art/work_stuff/pykick/web-kickstart/tftpboot/pxelinux.cfg//01-00-00-00-00-00-4c
2017-06-27 12:25:19,279 - root - INFO - setup_tftpd unlink /home/art/work_stuff/pykick/web-kickstart/tftpboot/pxelinux.cfg//01-00-00-00-00-00-49
2017-06-27 12:25:19,279 - root - INFO - setup_tftpd unlink /home/art/work_stuff/pykick/web-kickstart/tftpboot/pxelinux.cfg//01-00-00-00-00-00-44
2017-06-27 12:25:19,280 - root - INFO - setup_tftpd unlink /home/art/work_stuff/pykick/web-kickstart/tftpboot/pxelinux.cfg//01-00-00-00-00-00-45
2017-06-27 12:25:19,280 - root - INFO - setup_tftpd unlink /home/art/work_stuff/pykick/web-kickstart/tftpboot/pxelinux.cfg//01-00-00-00-00-00-4b
2017-06-27 12:25:19,280 - root - INFO - setup_tftpd unlink /home/art/work_stuff/pykick/web-kickstart/tftpboot/pxelinux.cfg//01-00-00-00-00-00-50
2017-06-27 12:25:19,280 - root - INFO - setup_tftpd unlink /home/art/work_stuff/pykick/web-kickstart/tftpboot/pxelinux.cfg//01-00-00-00-00-00-4a
2017-06-27 12:25:19,280 - root - INFO - setup_tftpd unlink /home/art/work_stuff/pykick/web-kickstart/tftpboot/pxelinux.cfg//01-00-00-00-00-00-43
2017-06-27 12:25:19,280 - root - INFO - setup_tftpd unlink /home/art/work_stuff/pykick/web-kickstart/tftpboot/pxelinux.cfg//01-00-00-00-00-00-4d
2017-06-27 12:25:19,280 - root - INFO - setup_tftpd unlink /home/art/work_stuff/pykick/web-kickstart/tftpboot/pxelinux.cfg//01-00-00-00-00-00-4f
2017-06-27 12:25:19,280 - root - INFO - setup_tftpd unlink /home/art/work_stuff/pykick/web-kickstart/tftpboot/pxelinux.cfg//01-00-00-00-00-00-47
2017-06-27 12:25:19,280 - root - INFO - setup_tftpd unlink /home/art/work_stuff/pykick/web-kickstart/tftpboot/pxelinux.cfg//01-00-00-00-00-00-4e
2017-06-27 12:25:19,280 - root - INFO - setup_tftpd unlink /home/art/work_stuff/pykick/web-kickstart/tftpboot/pxelinux.cfg//01-00-00-00-00-00-42
2017-06-27 12:25:19,280 - root - INFO - setup_tftpd unlink /home/art/work_stuff/pykick/web-kickstart/tftpboot/pxelinux.cfg//01-00-00-00-00-00-41
2017-06-27 12:25:19,281 - root - INFO - setup_tftpd unlink /home/art/work_stuff/pykick/web-kickstart/tftpboot/pxelinux.cfg//01-00-00-00-00-00-48
2017-06-27 12:25:19,281 - root - INFO - setup_tftpd completed
2017-06-27 12:25:19,287 - root - INFO - setup_servers unlink /home/art/work_stuff/pykick/web-kickstart/scripts/test_svr-77-ks.cfg
2017-06-27 12:25:19,287 - root - INFO - setup_servers unlink /home/art/work_stuff/pykick/web-kickstart/scripts/test_svr-65-config.txt
2017-06-27 12:25:19,287 - root - INFO - setup_servers unlink /home/art/work_stuff/pykick/web-kickstart/scripts/test_svr-76-ks.cfg
2017-06-27 12:25:19,287 - root - INFO - setup_servers unlink /home/art/work_stuff/pykick/web-kickstart/scripts/test_svr-67-config.txt
2017-06-27 12:25:19,287 - root - INFO - setup_servers unlink /home/art/work_stuff/pykick/web-kickstart/scripts/test_svr-80-ks.cfg
2017-06-27 12:25:19,287 - root - INFO - setup_servers unlink /home/art/work_stuff/pykick/web-kickstart/scripts/test_svr-66-config.txt
2017-06-27 12:25:19,288 - root - INFO - setup_servers unlink /home/art/work_stuff/pykick/web-kickstart/scripts/test_svr-69-config.txt
2017-06-27 12:25:19,288 - root - INFO - setup_servers unlink /home/art/work_stuff/pykick/web-kickstart/scripts/test_svr-72-config.txt
2017-06-27 12:25:19,288 - root - INFO - setup_servers unlink /home/art/work_stuff/pykick/web-kickstart/scripts/test_svr-68-config.txt
2017-06-27 12:25:19,288 - root - INFO - setup_servers unlink /home/art/work_stuff/pykick/web-kickstart/scripts/test_svr-66-ks.cfg
2017-06-27 12:25:19,288 - root - INFO - setup_servers unlink /home/art/work_stuff/pykick/web-kickstart/scripts/test_svr-79-config.txt
2017-06-27 12:25:19,288 - root - INFO - setup_servers unlink /home/art/work_stuff/pykick/web-kickstart/scripts/test_svr-72-ks.cfg
2017-06-27 12:25:19,288 - root - INFO - setup_servers unlink /home/art/work_stuff/pykick/web-kickstart/scripts/test_svr-70-ks.cfg
2017-06-27 12:25:19,288 - root - INFO - setup_servers unlink /home/art/work_stuff/pykick/web-kickstart/scripts/test_svr-77-config.txt
2017-06-27 12:25:19,288 - root - INFO - setup_servers unlink /home/art/work_stuff/pykick/web-kickstart/scripts/test_svr-76-config.txt
2017-06-27 12:25:19,288 - root - INFO - setup_servers unlink /home/art/work_stuff/pykick/web-kickstart/scripts/test_svr-74-ks.cfg
2017-06-27 12:25:19,289 - root - INFO - setup_servers unlink /home/art/work_stuff/pykick/web-kickstart/scripts/test_svr-68-ks.cfg
2017-06-27 12:25:19,289 - root - INFO - setup_servers unlink /home/art/work_stuff/pykick/web-kickstart/scripts/test_svr-74-config.txt
2017-06-27 12:25:19,289 - root - INFO - setup_servers unlink /home/art/work_stuff/pykick/web-kickstart/scripts/test_svr-78-config.txt
2017-06-27 12:25:19,289 - root - INFO - setup_servers unlink /home/art/work_stuff/pykick/web-kickstart/scripts/test_svr-67-ks.cfg
2017-06-27 12:25:19,289 - root - INFO - setup_servers unlink /home/art/work_stuff/pykick/web-kickstart/scripts/test_svr-71-config.txt
2017-06-27 12:25:19,289 - root - INFO - setup_servers unlink /home/art/work_stuff/pykick/web-kickstart/scripts/test_svr-71-ks.cfg
2017-06-27 12:25:19,289 - root - INFO - setup_servers unlink /home/art/work_stuff/pykick/web-kickstart/scripts/test_svr-79-ks.cfg
2017-06-27 12:25:19,289 - root - INFO - setup_servers unlink /home/art/work_stuff/pykick/web-kickstart/scripts/test_svr-78-ks.cfg
2017-06-27 12:25:19,289 - root - INFO - setup_servers unlink /home/art/work_stuff/pykick/web-kickstart/scripts/test_svr-75-config.txt
2017-06-27 12:25:19,289 - root - INFO - setup_servers unlink /home/art/work_stuff/pykick/web-kickstart/scripts/test_svr-69-ks.cfg
2017-06-27 12:25:19,289 - root - INFO - setup_servers unlink /home/art/work_stuff/pykick/web-kickstart/scripts/test_svr-70-config.txt
2017-06-27 12:25:19,290 - root - INFO - setup_servers unlink /home/art/work_stuff/pykick/web-kickstart/scripts/test_svr-80-config.txt
2017-06-27 12:25:19,290 - root - INFO - setup_servers unlink /home/art/work_stuff/pykick/web-kickstart/scripts/test_svr-73-ks.cfg
2017-06-27 12:25:19,290 - root - INFO - setup_servers unlink /home/art/work_stuff/pykick/web-kickstart/scripts/test_svr-73-config.txt
2017-06-27 12:25:19,290 - root - INFO - setup_servers unlink /home/art/work_stuff/pykick/web-kickstart/scripts/test_svr-65-ks.cfg
2017-06-27 12:25:19,290 - root - INFO - setup_servers unlink /home/art/work_stuff/pykick/web-kickstart/scripts/test_svr-75-ks.cfg
2017-06-27 12:25:19,290 - root - INFO - setup_servers start prcessing server=[test_svr-68]
2017-06-27 12:25:19,295 - root - INFO - setup_servers start prcessing server=[test_svr-69]
2017-06-27 12:25:19,298 - root - INFO - setup_servers start prcessing server=[test_svr-80]
2017-06-27 12:25:19,300 - root - INFO - setup_servers start prcessing server=[test_svr-73]
2017-06-27 12:25:19,303 - root - INFO - setup_servers start prcessing server=[test_svr-79]
2017-06-27 12:25:19,306 - root - INFO - setup_servers start prcessing server=[test_svr-76]
2017-06-27 12:25:19,309 - root - INFO - setup_servers start prcessing server=[test_svr-74]
2017-06-27 12:25:19,311 - root - INFO - setup_servers start prcessing server=[test_svr-66]
2017-06-27 12:25:19,314 - root - INFO - setup_servers start prcessing server=[test_svr-65]
2017-06-27 12:25:19,317 - root - INFO - setup_servers start prcessing server=[test_svr-70]
2017-06-27 12:25:19,319 - root - INFO - setup_servers start prcessing server=[test_svr-78]
2017-06-27 12:25:19,322 - root - INFO - setup_servers start prcessing server=[test_svr-77]
2017-06-27 12:25:19,325 - root - INFO - setup_servers start prcessing server=[test_svr-67]
2017-06-27 12:25:19,327 - root - INFO - setup_servers start prcessing server=[test_svr-72]
2017-06-27 12:25:19,330 - root - INFO - setup_servers start prcessing server=[test_svr-75]
2017-06-27 12:25:19,332 - root - INFO - setup_servers start prcessing server=[test_svr-71]
2017-06-27 12:25:19,335 - root - INFO - setup_servers completed
2017-06-27 12:25:19,336 - root - INFO - setup_servers_info completed
2017-06-27 12:25:19,336 - root - INFO - setup_servers_scripts completed
